[debug] [2024-12-29T21:49:16.526Z] ----------------------------------------------------------------------
[debug] [2024-12-29T21:49:16.529Z] Command:       C:\Program Files\nodejs\node.exe C:\Users\HF ELETRÔNICO\AppData\Roaming\npm\node_modules\firebase-tools\lib\bin\firebase.js init hosting
[debug] [2024-12-29T21:49:16.529Z] CLI Version:   13.29.1
[debug] [2024-12-29T21:49:16.529Z] Platform:      win32
[debug] [2024-12-29T21:49:16.530Z] Node Version:  v22.11.0
[debug] [2024-12-29T21:49:16.530Z] Time:          Sun Dec 29 2024 21:49:16 GMT+0000 (Hora padrão da Europa Ocidental)
[debug] [2024-12-29T21:49:16.530Z] ----------------------------------------------------------------------
[debug] 
[debug] [2024-12-29T21:49:16.534Z] >>> [apiv2][query] GET https://firebase-public.firebaseio.com/cli.json [none]
[debug] [2024-12-29T21:49:16.601Z] > command requires scopes: ["email","openid","https://www.googleapis.com/auth/cloudplatformprojects.readonly","https://www.googleapis.com/auth/firebase","https://www.googleapis.com/auth/cloud-platform"]
[debug] [2024-12-29T21:49:16.601Z] > authorizing via signed-in user (baianomuanda@gmail.com)
[info] 
     ######## #### ########  ######## ########     ###     ######  ########
     ##        ##  ##     ## ##       ##     ##  ##   ##  ##       ##
     ######    ##  ########  ######   ########  #########  ######  ######
     ##        ##  ##    ##  ##       ##     ## ##     ##       ## ##
     ##       #### ##     ## ######## ########  ##     ##  ######  ########

You're about to initialize a Firebase project in this directory:

  C:\projetosAngular\portfolio-baiano

Before we get started, keep in mind:

  * You are currently outside your home directory

[debug] [2024-12-29T21:49:16.912Z] <<< [apiv2][status] GET https://firebase-public.firebaseio.com/cli.json 200
[debug] [2024-12-29T21:49:16.913Z] <<< [apiv2][body] GET https://firebase-public.firebaseio.com/cli.json {"cloudBuildErrorAfter":1594252800000,"cloudBuildWarnAfter":1590019200000,"defaultNode10After":1594252800000,"minVersion":"3.0.5","node8DeploysDisabledAfter":1613390400000,"node8RuntimeDisabledAfter":1615809600000,"node8WarnAfter":1600128000000}
[info] 
=== Project Setup
[info] 
[info] First, let's associate this project directory with a Firebase project.
[info] You can create multiple project aliases by running firebase use --add, 
[info] but for now we'll just set up a default project.
[info] 
